Removed Pin From Net: NetName=NetC7_1 Pin=C?-2
Removed Pin From Net: NetName=GND Pin=J3-3
Removed Pin From Net: NetName=EN CAPTEUR Pin=J3-4
Removed Member From Class: ClassName=Sheet 2 - Moteurs Member=C?
Removed Member From Class: ClassName=Sheet 3 - Alims Member=C?
Change Component DesignItemId : Designator=J3 Old DesignItemId=MICRO-MATCH FOB.04P New DesignItemId=WE-Terminal Blocks Plugable Type 691321100002
Change Component DesignItemId : Designator=C? Old DesignItemId=WE-Terminal Blocks Plugable Type 691321100002 New DesignItemId=Cap
Change Component Footprint: Designator=J3 Old Footprint=690367280476 New Footprint=691321100002
Change Component Footprint: Designator=C? Old Footprint=691321100002 New Footprint=C0805
Change Component Comment : Designator=J3 Old Comment=WE 4 pins New Comment=WE Type 691321100002
Change Component Comment : Designator=C? Old Comment=WE Type 691321100002 New Comment=0.1uF
Change Component Designator: OldDesignator=C3 NewDesignator=C4
Change Component Designator: OldDesignator=C4 NewDesignator=C5
Change Component Designator: OldDesignator=C5 NewDesignator=C6
Change Component Designator: OldDesignator=C6 NewDesignator=C7
Change Component Designator: OldDesignator=C7 NewDesignator=C8
Change Component Designator: OldDesignator=C8 NewDesignator=C9
Change Component Designator: OldDesignator=C9 NewDesignator=C10
Change Component Designator: OldDesignator=C10 NewDesignator=C11
Change Component Designator: OldDesignator=C11 NewDesignator=C12
Change Component Designator: OldDesignator=C12 NewDesignator=C13
Change Component Designator: OldDesignator=C13 NewDesignator=C14
Change Component Designator: OldDesignator=C14 NewDesignator=C15
Change Component Designator: OldDesignator=C15 NewDesignator=C16
Change Component Designator: OldDesignator=C16 NewDesignator=C17
Change Component Designator: OldDesignator=C? NewDesignator=C3
Change Component Designator: OldDesignator=C? NewDesignator=J1
Change Component Designator: OldDesignator=C? NewDesignator=J2
Added Component: Designator=J4(690367280476)
Added Pin To Net: NetName=NetC7_1 Pin=J3-2
Added Pin To Net: NetName=GND Pin=J3-1
Added Pin To Net: NetName=NetP2_4 Pin=P1-4
Change Net Name : Old Net Name=NetC3_1 New Net Name=NetC4_1
Change Net Name : Old Net Name=NetC3_2 New Net Name=NetC4_2
Change Net Name : Old Net Name=NetC4_1 New Net Name=NetC5_1
Change Net Name : Old Net Name=NetC4_2 New Net Name=NetC5_2
Change Net Name : Old Net Name=NetC7_1 New Net Name=NetC8_1
Change Net Name : Old Net Name=NetC15_2 New Net Name=NetC16_2
Change Net Name : Old Net Name=NetC16_1 New Net Name=NetC17_1
Change Net Name : Old Net Name=NetP2_4 New Net Name=NetP1_4
Added Pin To Net: NetName=NetJ4_2 Pin=J3-2
Added Pin To Net: NetName=NetJ4_2 Pin=R26-2
Added Pin To Net: NetName=NetJ4_2 Pin=R30-1
Added Net: Name=NetJ4_2
Added Member To Class: ClassName=Sheet 2 - Moteurs Member=Component C7 1uF
Added Member To Class: ClassName=Sheet 2 - Moteurs Member=Component J1 WE Type 691321100002
Added Member To Class: ClassName=Sheet 3 - Alims Member=Component J2 WE Type 691321100002
Added Member To Class: ClassName=Sheet 3 - Alims Member=Component J3 WE Type 691321100002
