Removed Pin From Net: NetName=5V Pin=C?-2
Removed Pin From Net: NetName=NetC3_2 Pin=J1-1
Removed Pin From Net: NetName=NetC4_2 Pin=J1-2
Removed Pin From Net: NetName=GND Pin=J2-1
Removed Pin From Net: NetName=12V Pin=J2-2
Removed Pin From Net: NetName=GND Pin=P5-1
Removed Pin From Net: NetName=NetC7_1 Pin=P5-2
Removed Member From Class: ClassName=Sheet 2 - Moteurs Member=J1
Removed Member From Class: ClassName=Sheet 3 - Alims Member=J2
Removed Member From Class: ClassName=Sheet 3 - Alims Member=P5
Change Component DesignItemId : Designator=C? Old DesignItemId=Cap New DesignItemId=WE-Terminal Blocks Plugable Type 691321100002
Change Component Footprint: Designator=C? Old Footprint=0805 New Footprint=691321100002
Change Component Footprint: Designator=C1 Old Footprint=0805 New Footprint=C0805
Change Component Footprint: Designator=C3 Old Footprint=0805 New Footprint=C0805
Change Component Footprint: Designator=C4 Old Footprint=0805 New Footprint=C0805
Change Component Footprint: Designator=C6 Old Footprint=0805 New Footprint=C0805
Change Component Footprint: Designator=C8 Old Footprint=0805 New Footprint=C0805
Change Component Footprint: Designator=C9 Old Footprint=0805 New Footprint=C0805
Change Component Footprint: Designator=C10 Old Footprint=0805 New Footprint=C0805
Change Component Footprint: Designator=C12 Old Footprint=0805 New Footprint=C0805
Change Component Footprint: Designator=C13 Old Footprint=0805 New Footprint=C0805
Change Component Footprint: Designator=C14 Old Footprint=0805 New Footprint=C0805
Change Component Footprint: Designator=C15 Old Footprint=0805 New Footprint=C0805
Change Component Footprint: Designator=C16 Old Footprint=0805 New Footprint=C0805
Change Component Footprint: Designator=Cap1 Old Footprint=0805 New Footprint=C0805
Change Component Footprint: Designator=Cap2 Old Footprint=0805 New Footprint=C0805
Change Component Footprint: Designator=Cap3 Old Footprint=0805 New Footprint=C0805
Change Component Footprint: Designator=Cap4 Old Footprint=0805 New Footprint=C0805
Change Component Footprint: Designator=Cap5 Old Footprint=0805 New Footprint=C0805
Change Component Footprint: Designator=Cap6 Old Footprint=0805 New Footprint=C0805
Change Component Footprint: Designator=Cap7 Old Footprint=0805 New Footprint=C0805
Change Component Footprint: Designator=Cap8 Old Footprint=0805 New Footprint=C0805
Change Component Footprint: Designator=Cap9 Old Footprint=0805 New Footprint=C0805
Change Component Footprint: Designator=Cap10 Old Footprint=0805 New Footprint=C0805
Change Component Footprint: Designator=D5 Old Footprint=C0805 New Footprint=D0805
Change Component Footprint: Designator=D1 Old Footprint=C0805 New Footprint=LED 0805
Change Component Footprint: Designator=D2 Old Footprint=C0805 New Footprint=LED 0805
Change Component Footprint: Designator=D3 Old Footprint=C0805 New Footprint=LED 0805
Change Component Footprint: Designator=D4 Old Footprint=C0805 New Footprint=LED 0805
Change Component Footprint: Designator=D6 Old Footprint=C0805 New Footprint=LED 0805
Change Component Footprint: Designator=D7 Old Footprint=C0805 New Footprint=LED 0805
Change Component Footprint: Designator=D8 Old Footprint=C0805 New Footprint=LED 0805
Change Component Comment : Designator=C? Old Comment=0.1uF New Comment=WE Type 691321100002
Added Component: Designator=C?(691321100002)
Added Component: Designator=C?(691321100002)
Added Component: Designator=C?(C0805)
Added Pin To Net: NetName=GND Pin=C?-1
Added Pin To Net: NetName=GND Pin=C?-1
Added Pin To Net: NetName=NetC3_2 Pin=C?-1
Added Pin To Net: NetName=5V Pin=C?-2
Added Pin To Net: NetName=12V Pin=C?-2
Added Pin To Net: NetName=NetC4_2 Pin=C?-2
Added Pin To Net: NetName=NetC7_1 Pin=C?-2
Added Member To Class: ClassName=Sheet 3 - Alims Member=Component C? WE Type 691321100002
Added Room: Name=Sheet 1 - Micro
Added Room: Name=Sheet 2 - Moteurs
Added Room: Name=Sheet 3 - Alims
Added Room: Name=Sheet 4 - Capteurs
