Added Component: Designator=1(0805)
Added Component: Designator=C1(0805)
Added Component: Designator=C2(CAPA_D10_E5)
Added Component: Designator=C3(0805)
Added Component: Designator=C4(0805)
Added Component: Designator=C5(CAPA_D10_E5)
Added Component: Designator=C6(0805)
Added Component: Designator=C7(CAPA_D6_E2.5)
Added Component: Designator=C8(0805)
Added Component: Designator=C9(0805)
Added Component: Designator=C10(0805)
Added Component: Designator=C11(CAPA_D12.5_E5)
Added Component: Designator=C12(0805)
Added Component: Designator=C13(0805)
Added Component: Designator=C14(0805)
Added Component: Designator=C15(0805)
Added Component: Designator=C16(0805)
Added Component: Designator=C?(651005136421)
Added Component: Designator=Cap1(0805)
Added Component: Designator=Cap2(0805)
Added Component: Designator=Cap3(0805)
Added Component: Designator=Cap4(0805)
Added Component: Designator=Cap5(0805)
Added Component: Designator=Cap6(0805)
Added Component: Designator=Cap7(0805)
Added Component: Designator=Cap8(0805)
Added Component: Designator=Cap9(0805)
Added Component: Designator=D1(C0805)
Added Component: Designator=D2(C0805)
Added Component: Designator=D3(C0805)
Added Component: Designator=D4(C0805)
Added Component: Designator=D5(C0805)
Added Component: Designator=D6(C0805)
Added Component: Designator=D7(C0805)
Added Component: Designator=D8(C0805)
Added Component: Designator=J1(MINICONNEC_D)
Added Component: Designator=J2(MINICONNEC_D)
Added Component: Designator=J3(690367280476)
Added Component: Designator=K1(IQXO-70)
Added Component: Designator=L1(C0805)
Added Component: Designator=P1(690367280676)
Added Component: Designator=P2(690367280476)
Added Component: Designator=P3(690367280676)
Added Component: Designator=P4(690367280476)
Added Component: Designator=P5(MINICONNEC_D)
Added Component: Designator=R1(0805)
Added Component: Designator=R2(0805)
Added Component: Designator=R3(0805)
Added Component: Designator=R4(0805)
Added Component: Designator=R5(0805)
Added Component: Designator=R6(0805)
Added Component: Designator=R7(0805)
Added Component: Designator=R8(0805)
Added Component: Designator=R9(0805)
Added Component: Designator=R10(0805)
Added Component: Designator=R11(0805)
Added Component: Designator=R12(0805)
Added Component: Designator=R13(0805)
Added Component: Designator=R14(0805)
Added Component: Designator=R15(0805)
Added Component: Designator=R16(0805)
Added Component: Designator=R17(0805)
Added Component: Designator=R18(0805)
Added Component: Designator=R19(0805)
Added Component: Designator=R20(0805)
Added Component: Designator=R21(0805)
Added Component: Designator=R22(0805)
Added Component: Designator=R23(0805)
Added Component: Designator=R24(0805)
Added Component: Designator=R25(0805)
Added Component: Designator=R26(0805)
Added Component: Designator=R27(0805)
Added Component: Designator=R28(0805)
Added Component: Designator=R29(0805)
Added Component: Designator=R30(0805)
Added Component: Designator=R31(0805)
Added Component: Designator=R32(0805)
Added Component: Designator=U1(TQFP-PT44_N)
Added Component: Designator=U2(SSOP-28)
Added Component: Designator=U3(TA11B)
Added Component: Designator=VR1(KTP02)
Added Component: Designator=VR2(TS7B_M)
Added Component: Designator=VR3(KTP02)
Added Pin To Net: NetName=GND Pin=1-1
Added Pin To Net: NetName=5V Pin=1-2
Added Pin To Net: NetName=GND Pin=C1-1
Added Pin To Net: NetName=3.3V Pin=C1-2
Added Pin To Net: NetName=5V Pin=C2-1
Added Pin To Net: NetName=GND Pin=C2-2
Added Pin To Net: NetName=NetC3_1 Pin=C3-1
Added Pin To Net: NetName=NetC3_2 Pin=C3-2
Added Pin To Net: NetName=NetC4_1 Pin=C4-1
Added Pin To Net: NetName=NetC4_2 Pin=C4-2
Added Pin To Net: NetName=12V Pin=C5-1
Added Pin To Net: NetName=GND Pin=C5-2
Added Pin To Net: NetName=GND Pin=C6-1
Added Pin To Net: NetName=12V Pin=C6-2
Added Pin To Net: NetName=NetC7_1 Pin=C7-1
Added Pin To Net: NetName=GND Pin=C7-2
Added Pin To Net: NetName=GND Pin=C8-1
Added Pin To Net: NetName=NetC7_1 Pin=C8-2
Added Pin To Net: NetName=GND Pin=C9-1
Added Pin To Net: NetName=12V Pin=C9-2
Added Pin To Net: NetName=GND Pin=C10-1
Added Pin To Net: NetName=3.3V Pin=C10-2
Added Pin To Net: NetName=12V Pin=C11-1
Added Pin To Net: NetName=GND Pin=C11-2
Added Pin To Net: NetName=GND Pin=C12-1
Added Pin To Net: NetName=12V Pin=C12-2
Added Pin To Net: NetName=GND Pin=C13-1
Added Pin To Net: NetName=12V Pin=C13-2
Added Pin To Net: NetName=GND Pin=C14-1
Added Pin To Net: NetName=5V Pin=C14-2
Added Pin To Net: NetName=GND Pin=C15-1
Added Pin To Net: NetName=NetC15_2 Pin=C15-2
Added Pin To Net: NetName=NetC16_1 Pin=C16-1
Added Pin To Net: NetName=GND Pin=C16-2
Added Pin To Net: NetName=5V Pin=C?-1
Added Pin To Net: NetName=NetC?_2 Pin=C?-2
Added Pin To Net: NetName=NetC?_3 Pin=C?-3
Added Pin To Net: NetName=GND Pin=C?-5
Added Pin To Net: NetName=GND Pin=Cap1-1
Added Pin To Net: NetName=3.3V Pin=Cap1-2
Added Pin To Net: NetName=GND Pin=Cap2-1
Added Pin To Net: NetName=3.3V Pin=Cap2-2
Added Pin To Net: NetName=GND Pin=Cap3-1
Added Pin To Net: NetName=3.3V Pin=Cap3-2
Added Pin To Net: NetName=GND Pin=Cap4-1
Added Pin To Net: NetName=VCAP Pin=Cap4-2
Added Pin To Net: NetName=GND Pin=Cap5-1
Added Pin To Net: NetName=NetCap5_2 Pin=Cap5-2
Added Pin To Net: NetName=GND Pin=Cap6-1
Added Pin To Net: NetName=5V Pin=Cap6-2
Added Pin To Net: NetName=NetCap7_1 Pin=Cap7-1
Added Pin To Net: NetName=GND Pin=Cap7-2
Added Pin To Net: NetName=5V Pin=Cap8-1
Added Pin To Net: NetName=GND Pin=Cap8-2
Added Pin To Net: NetName=5V Pin=Cap9-1
Added Pin To Net: NetName=GND Pin=Cap9-2
Added Pin To Net: NetName=NetD1_1 Pin=D1-1
Added Pin To Net: NetName=GND Pin=D1-2
Added Pin To Net: NetName=NetD2_1 Pin=D2-1
Added Pin To Net: NetName=GND Pin=D2-2
Added Pin To Net: NetName=NetD3_1 Pin=D3-1
Added Pin To Net: NetName=GND Pin=D3-2
Added Pin To Net: NetName=NetD4_1 Pin=D4-1
Added Pin To Net: NetName=GND Pin=D4-2
Added Pin To Net: NetName=NetD5_1 Pin=D5-1
Added Pin To Net: NetName=NetD5_2 Pin=D5-2
Added Pin To Net: NetName=NetD6_1 Pin=D6-1
Added Pin To Net: NetName=GND Pin=D6-2
Added Pin To Net: NetName=NetD7_1 Pin=D7-1
Added Pin To Net: NetName=GND Pin=D7-2
Added Pin To Net: NetName=NetD8_1 Pin=D8-1
Added Pin To Net: NetName=GND Pin=D8-2
Added Pin To Net: NetName=NetC3_2 Pin=J1-1
Added Pin To Net: NetName=NetC4_2 Pin=J1-2
Added Pin To Net: NetName=GND Pin=J2-1
Added Pin To Net: NetName=12V Pin=J2-2
Added Pin To Net: NetName=GND Pin=J3-1
Added Pin To Net: NetName=NetJ3_2 Pin=J3-2
Added Pin To Net: NetName=GND Pin=J3-3
Added Pin To Net: NetName=EN CAPTEUR Pin=J3-4
Added Pin To Net: NetName=5V Pin=K1-1
Added Pin To Net: NetName=GND Pin=K1-2
Added Pin To Net: NetName=NetK1_3 Pin=K1-3
Added Pin To Net: NetName=5V Pin=K1-4
Added Pin To Net: NetName=NetC7_1 Pin=L1-1
Added Pin To Net: NetName=NetD5_1 Pin=L1-2
Added Pin To Net: NetName=NetP1_1 Pin=P1-1
Added Pin To Net: NetName=3.3V Pin=P1-2
Added Pin To Net: NetName=GND Pin=P1-3
Added Pin To Net: NetName=NetP1_4 Pin=P1-4
Added Pin To Net: NetName=NetP1_5 Pin=P1-5
Added Pin To Net: NetName=GND Pin=P2-1
Added Pin To Net: NetName=NetP2_2 Pin=P2-2
Added Pin To Net: NetName=3.3V Pin=P2-3
Added Pin To Net: NetName=NetP2_4 Pin=P2-4
Added Pin To Net: NetName=NetP3_1 Pin=P3-1
Added Pin To Net: NetName=NetP3_2 Pin=P3-2
Added Pin To Net: NetName=NetP3_3 Pin=P3-3
Added Pin To Net: NetName=3.3V Pin=P3-4
Added Pin To Net: NetName=NetP3_5 Pin=P3-5
Added Pin To Net: NetName=GND Pin=P3-6
Added Pin To Net: NetName=NetP4_1 Pin=P4-1
Added Pin To Net: NetName=GND Pin=P4-2
Added Pin To Net: NetName=5V Pin=P4-3
Added Pin To Net: NetName=NetP4_4 Pin=P4-4
Added Pin To Net: NetName=GND Pin=P5-1
Added Pin To Net: NetName=NetC7_1 Pin=P5-2
Added Pin To Net: NetName=NetCap5_2 Pin=R1-1
Added Pin To Net: NetName=3.3 V Pin=R1-2
Added Pin To Net: NetName=NetCap5_2 Pin=R2-1
Added Pin To Net: NetName=NetP1_1 Pin=R2-2
Added Pin To Net: NetName=NetP2_2 Pin=R3-1
Added Pin To Net: NetName=3.3V Pin=R3-2
Added Pin To Net: NetName=NetP2_4 Pin=R4-1
Added Pin To Net: NetName=3.3V Pin=R4-2
Added Pin To Net: NetName=NetR5_1 Pin=R5-1
Added Pin To Net: NetName=NetD1_1 Pin=R5-2
Added Pin To Net: NetName=NetR6_1 Pin=R6-1
Added Pin To Net: NetName=NetD2_1 Pin=R6-2
Added Pin To Net: NetName=NetR7_1 Pin=R7-1
Added Pin To Net: NetName=NetD3_1 Pin=R7-2
Added Pin To Net: NetName=NetR8_1 Pin=R8-1
Added Pin To Net: NetName=NetD4_1 Pin=R8-2
Added Pin To Net: NetName=NetR9_1 Pin=R9-1
Added Pin To Net: NetName=NetR9_2 Pin=R9-2
Added Pin To Net: NetName=NetR9_2 Pin=R10-1
Added Pin To Net: NetName=NetP4_4 Pin=R10-2
Added Pin To Net: NetName=NetR9_2 Pin=R11-1
Added Pin To Net: NetName=GND Pin=R11-2
Added Pin To Net: NetName=NetR12_1 Pin=R12-1
Added Pin To Net: NetName=NetR12_2 Pin=R12-2
Added Pin To Net: NetName=NetR12_2 Pin=R13-1
Added Pin To Net: NetName=NetP4_1 Pin=R13-2
Added Pin To Net: NetName=NetR12_2 Pin=R14-1
Added Pin To Net: NetName=GND Pin=R14-2
Added Pin To Net: NetName=NetD5_2 Pin=R15-1
Added Pin To Net: NetName=12V Pin=R15-2
Added Pin To Net: NetName=NetD6_1 Pin=R16-1
Added Pin To Net: NetName=3.3V Pin=R16-2
Added Pin To Net: NetName=NetD7_1 Pin=R17-1
Added Pin To Net: NetName=5V Pin=R17-2
Added Pin To Net: NetName=NetD8_1 Pin=R18-1
Added Pin To Net: NetName=12V Pin=R18-2
Added Pin To Net: NetName=NetR19_1 Pin=R19-1
Added Pin To Net: NetName=NetD5_2 Pin=R19-2
Added Pin To Net: NetName=NetC15_2 Pin=R20-1
Added Pin To Net: NetName=NetR20_2 Pin=R20-2
Added Pin To Net: NetName=GND Pin=R21-1
Added Pin To Net: NetName=NetR19_1 Pin=R21-2
Added Pin To Net: NetName=3.3V Pin=R22-1
Added Pin To Net: NetName=NetR22_2 Pin=R22-2
Added Pin To Net: NetName=NetQ1_1 Pin=R23-1
Added Pin To Net: NetName=12V Pin=R23-2
Added Pin To Net: NetName=NetR22_2 Pin=R24-1
Added Pin To Net: NetName=NetC16_1 Pin=R24-2
Added Pin To Net: NetName=NetR22_2 Pin=R25-1
Added Pin To Net: NetName=NetR25_2 Pin=R25-2
Added Pin To Net: NetName=NetR25_2 Pin=R26-1
Added Pin To Net: NetName=NetJ3_2 Pin=R26-2
Added Pin To Net: NetName=NetQ2_2 Pin=R27-1
Added Pin To Net: NetName=NetR27_2 Pin=R27-2
Added Pin To Net: NetName=NetR28_1 Pin=R28-1
Added Pin To Net: NetName=NetC16_1 Pin=R28-2
Added Pin To Net: NetName=NetR29_1 Pin=R29-1
Added Pin To Net: NetName=NetR28_1 Pin=R29-2
Added Pin To Net: NetName=NetJ3_2 Pin=R30-1
Added Pin To Net: NetName=NetR29_1 Pin=R30-2
Added Pin To Net: NetName=GND Pin=R31-1
Added Pin To Net: NetName=NetQ2_2 Pin=R31-2
Added Pin To Net: NetName=GND Pin=R32-1
Added Pin To Net: NetName=NetR28_1 Pin=R32-2
Added Pin To Net: NetName=NetP2_2 Pin=U1-1
Added Pin To Net: NetName=NetU1_2 Pin=U1-2
Added Pin To Net: NetName=NetU1_3 Pin=U1-3
Added Pin To Net: NetName=NetR9_1 Pin=U1-4
Added Pin To Net: NetName=NetR12_1 Pin=U1-5
Added Pin To Net: NetName=GND Pin=U1-6
Added Pin To Net: NetName=VCAP Pin=U1-7
Added Pin To Net: NetName=NetU1_8 Pin=U1-8
Added Pin To Net: NetName=NetU1_9 Pin=U1-9
Added Pin To Net: NetName=NetU1_10 Pin=U1-10
Added Pin To Net: NetName=NetU1_11 Pin=U1-11
Added Pin To Net: NetName=NetP3_5 Pin=U1-13
Added Pin To Net: NetName=NetP3_3 Pin=U1-14
Added Pin To Net: NetName=NetP3_2 Pin=U1-15
Added Pin To Net: NetName=GND Pin=U1-16
Added Pin To Net: NetName=3.3V Pin=U1-17
Added Pin To Net: NetName=NetP1_1 Pin=U1-18
Added Pin To Net: NetName=NetP1_4 Pin=U1-21
Added Pin To Net: NetName=NetP1_5 Pin=U1-22
Added Pin To Net: NetName=NetU1_23 Pin=U1-23
Added Pin To Net: NetName=NetU1_24 Pin=U1-24
Added Pin To Net: NetName=NetU1_25 Pin=U1-25
Added Pin To Net: NetName=NetU1_26 Pin=U1-26
Added Pin To Net: NetName=3.3V Pin=U1-28
Added Pin To Net: NetName=GND Pin=U1-29
Added Pin To Net: NetName=NetK1_3 Pin=U1-30
Added Pin To Net: NetName=NetP3_1 Pin=U1-32
Added Pin To Net: NetName=NetU1_34 Pin=U1-34
Added Pin To Net: NetName=NetU1_35 Pin=U1-35
Added Pin To Net: NetName=GND Pin=U1-39
Added Pin To Net: NetName=3.3V Pin=U1-40
Added Pin To Net: NetName=NetU1_43 Pin=U1-43
Added Pin To Net: NetName=NetP2_4 Pin=U1-44
Added Pin To Net: NetName=NetU1_10 Pin=U2-1
Added Pin To Net: NetName=5V Pin=U2-4
Added Pin To Net: NetName=NetU1_11 Pin=U2-5
Added Pin To Net: NetName=GND Pin=U2-7
Added Pin To Net: NetName=NC Pin=U2-8
Added Pin To Net: NetName=NetC?_3 Pin=U2-15
Added Pin To Net: NetName=NetC?_2 Pin=U2-16
Added Pin To Net: NetName=NetCap7_1 Pin=U2-17
Added Pin To Net: NetName=GND Pin=U2-18
Added Pin To Net: NetName=5V Pin=U2-20
Added Pin To Net: NetName=GND Pin=U2-21
Added Pin To Net: NetName=NetR8_1 Pin=U2-22
Added Pin To Net: NetName=NetR7_1 Pin=U2-23
Added Pin To Net: NetName=NC Pin=U2-24
Added Pin To Net: NetName=GND Pin=U2-25
Added Pin To Net: NetName=GND Pin=U2-26
Added Pin To Net: NetName=NetC3_1 Pin=U3-1
Added Pin To Net: NetName=NetC3_2 Pin=U3-2
Added Pin To Net: NetName=NetU1_3 Pin=U3-3
Added Pin To Net: NetName=NetU1_2 Pin=U3-5
Added Pin To Net: NetName=12V Pin=U3-6
Added Pin To Net: NetName=GND Pin=U3-7
Added Pin To Net: NetName=NetC4_2 Pin=U3-10
Added Pin To Net: NetName=NetC4_1 Pin=U3-11
Added Pin To Net: NetName=12V Pin=VR1-1
Added Pin To Net: NetName=3.3V Pin=VR1-3
Added Pin To Net: NetName=NetR20_2 Pin=VR2-2
Added Pin To Net: NetName=NetR19_1 Pin=VR2-3
Added Pin To Net: NetName=GND Pin=VR2-4
Added Pin To Net: NetName=NetD5_1 Pin=VR2-5
Added Pin To Net: NetName=NetC7_1 Pin=VR2-7
Added Pin To Net: NetName=12V Pin=VR3-1
Added Pin To Net: NetName=5V Pin=VR3-3
Added Member To Class: ClassName=Sheet 2 - Moteurs Member=Component 1 Cap2
Added Member To Class: ClassName=Sheet 1 - Micro Member=Component C1 Cap
Added Member To Class: ClassName=Sheet 1 - Micro Member=Component C2 Cap2
Added Member To Class: ClassName=Sheet 2 - Moteurs Member=Component C3 Cap
Added Member To Class: ClassName=Sheet 2 - Moteurs Member=Component C4 Cap
Added Member To Class: ClassName=Sheet 2 - Moteurs Member=Component C5 Cap2
Added Member To Class: ClassName=Sheet 2 - Moteurs Member=Component C6 Cap
Added Member To Class: ClassName=Sheet 3 - Alims Member=Component C7 Cap2
Added Member To Class: ClassName=Sheet 3 - Alims Member=Component C8 Cap
Added Member To Class: ClassName=Sheet 3 - Alims Member=Component C9 Cap
Added Member To Class: ClassName=Sheet 3 - Alims Member=Component C10 Cap
Added Member To Class: ClassName=Sheet 3 - Alims Member=Component C11 Cap2
Added Member To Class: ClassName=Sheet 3 - Alims Member=Component C12 Cap
Added Member To Class: ClassName=Sheet 3 - Alims Member=Component C13 Cap
Added Member To Class: ClassName=Sheet 3 - Alims Member=Component C14 Cap
Added Member To Class: ClassName=Sheet 3 - Alims Member=Component C15 Cap
Added Member To Class: ClassName=Sheet 4 - Capteurs Member=Component C16 Cap
Added Member To Class: ClassName=Sheet 1 - Micro Member=Component C? WE-Communication Connectors 651005136421
Added Member To Class: ClassName=Sheet 1 - Micro Member=Component Cap1 0.1uF
Added Member To Class: ClassName=Sheet 1 - Micro Member=Component Cap2 0.1uF
Added Member To Class: ClassName=Sheet 1 - Micro Member=Component Cap3 0.1uF
Added Member To Class: ClassName=Sheet 1 - Micro Member=Component Cap4 0.1uF
Added Member To Class: ClassName=Sheet 1 - Micro Member=Component Cap5 0.1uF
Added Member To Class: ClassName=Sheet 1 - Micro Member=Component Cap6 0.1uF
Added Member To Class: ClassName=Sheet 1 - Micro Member=Component Cap7 0.1uF
Added Member To Class: ClassName=Sheet 1 - Micro Member=Component Cap8 0.1uF
Added Member To Class: ClassName=Sheet 1 - Micro Member=Component Cap9 0.1uF
Added Member To Class: ClassName=Sheet 1 - Micro Member=Component D1 LED2
Added Member To Class: ClassName=Sheet 1 - Micro Member=Component D2 LED2
Added Member To Class: ClassName=Sheet 1 - Micro Member=Component D3 LED2
Added Member To Class: ClassName=Sheet 1 - Micro Member=Component D4 LED2
Added Member To Class: ClassName=Sheet 3 - Alims Member=Component D5 D Schottky
Added Member To Class: ClassName=Sheet 3 - Alims Member=Component D6 LED2
Added Member To Class: ClassName=Sheet 3 - Alims Member=Component D7 LED2
Added Member To Class: ClassName=Sheet 3 - Alims Member=Component D8 LED2
Added Member To Class: ClassName=Sheet 2 - Moteurs Member=Component J1 Moteur
Added Member To Class: ClassName=Sheet 3 - Alims Member=Component J2 12V
Added Member To Class: ClassName=Sheet 4 - Capteurs Member=Component J3 CO
Added Member To Class: ClassName=Sheet 1 - Micro Member=Component K1 CLOCK
Added Member To Class: ClassName=Sheet 3 - Alims Member=Component L1 Inductor
Added Member To Class: ClassName=Sheet 1 - Micro Member=Component P1 Pick-it
Added Member To Class: ClassName=Sheet 1 - Micro Member=Component P2 I²C
Added Member To Class: ClassName=Sheet 1 - Micro Member=Component P3 Uart bluetooth
Added Member To Class: ClassName=Sheet 2 - Moteurs Member=Component P4 Codeur
Added Member To Class: ClassName=Sheet 3 - Alims Member=Component P5 5V
Added Member To Class: ClassName=Sheet 1 - Micro Member=Component R1 Res3
Added Member To Class: ClassName=Sheet 1 - Micro Member=Component R2 
Added Member To Class: ClassName=Sheet 1 - Micro Member=Component R3 Res3
Added Member To Class: ClassName=Sheet 1 - Micro Member=Component R4 Res3
Added Member To Class: ClassName=Sheet 1 - Micro Member=Component R5 330
Added Member To Class: ClassName=Sheet 1 - Micro Member=Component R6 Res3
Added Member To Class: ClassName=Sheet 1 - Micro Member=Component R7 Res3
Added Member To Class: ClassName=Sheet 1 - Micro Member=Component R8 Res3
Added Member To Class: ClassName=Sheet 2 - Moteurs Member=Component R9 Res3
Added Member To Class: ClassName=Sheet 2 - Moteurs Member=Component R10 Res3
Added Member To Class: ClassName=Sheet 2 - Moteurs Member=Component R11 Res3
Added Member To Class: ClassName=Sheet 2 - Moteurs Member=Component R12 Res3
Added Member To Class: ClassName=Sheet 2 - Moteurs Member=Component R13 Res3
Added Member To Class: ClassName=Sheet 2 - Moteurs Member=Component R14 Res3
Added Member To Class: ClassName=Sheet 3 - Alims Member=Component R15 Res3
Added Member To Class: ClassName=Sheet 3 - Alims Member=Component R16 Res3
Added Member To Class: ClassName=Sheet 3 - Alims Member=Component R17 Res3
Added Member To Class: ClassName=Sheet 3 - Alims Member=Component R18 Res3
Added Member To Class: ClassName=Sheet 3 - Alims Member=Component R19 Res3
Added Member To Class: ClassName=Sheet 3 - Alims Member=Component R20 Res3
Added Member To Class: ClassName=Sheet 3 - Alims Member=Component R21 Res3
Added Member To Class: ClassName=Sheet 4 - Capteurs Member=Component R22 Res3
Added Member To Class: ClassName=Sheet 4 - Capteurs Member=Component R23 Res3
Added Member To Class: ClassName=Sheet 4 - Capteurs Member=Component R24 Res3
Added Member To Class: ClassName=Sheet 4 - Capteurs Member=Component R25 Res3
Added Member To Class: ClassName=Sheet 4 - Capteurs Member=Component R26 Res3
Added Member To Class: ClassName=Sheet 4 - Capteurs Member=Component R27 Res3
Added Member To Class: ClassName=Sheet 4 - Capteurs Member=Component R28 Res3
Added Member To Class: ClassName=Sheet 4 - Capteurs Member=Component R29 Res3
Added Member To Class: ClassName=Sheet 4 - Capteurs Member=Component R30 Res3
Added Member To Class: ClassName=Sheet 4 - Capteurs Member=Component R31 Res3
Added Member To Class: ClassName=Sheet 4 - Capteurs Member=Component R32 Res3
Added Member To Class: ClassName=Sheet 1 - Micro Member=Component U1 DSPIC33FJ128MC804T-I/PT
Added Member To Class: ClassName=Sheet 1 - Micro Member=Component U2 IC_FT232RL
Added Member To Class: ClassName=Sheet 2 - Moteurs Member=Component U3 LMD18200
Added Member To Class: ClassName=Sheet 3 - Alims Member=Component VR1 LM1117T-3.3
Added Member To Class: ClassName=Sheet 3 - Alims Member=Component VR2 LM2588
Added Member To Class: ClassName=Sheet 3 - Alims Member=Component VR3 LM1117T-5.0
Added Room: Name=Sheet 1 - Micro
Added Room: Name=Sheet 2 - Moteurs
Added Room: Name=Sheet 3 - Alims
Added Room: Name=Sheet 4 - Capteurs
