Added Component: Designator=C1(C0805)
Added Component: Designator=C2(C0805)
Added Component: Designator=C3(C0805)
Added Component: Designator=C4(C0805)
Added Component: Designator=C5(C0805)
Added Component: Designator=C6(C0805)
Added Component: Designator=C7(C0805)
Added Component: Designator=C8(C0805)
Added Component: Designator=C9(C0805)
Added Component: Designator=C10(C0805)
Added Component: Designator=C11(Capa CMS D6.3_E1.8)
Added Component: Designator=C12(C0805)
Added Component: Designator=C13(C1206)
Added Component: Designator=C14(C0805)
Added Component: Designator=C15(C0805)
Added Component: Designator=C16(C0805)
Added Component: Designator=C17(CAPA_D10_E5)
Added Component: Designator=C18(C0805)
Added Component: Designator=C19(C0805)
Added Component: Designator=C20(C0805)
Added Component: Designator=C21(C0805)
Added Component: Designator=C22(C0805)
Added Component: Designator=D1(LED 0805)
Added Component: Designator=D2(LED 0805)
Added Component: Designator=D3(LED 0805)
Added Component: Designator=D4(LED 0805)
Added Component: Designator=D5(D0805)
Added Component: Designator=D6(LED 0805)
Added Component: Designator=D7(LED 0805)
Added Component: Designator=D8(LED 0805)
Added Component: Designator=J4(690367280476)
Added Component: Designator=K1(IQXO-70)
Added Component: Designator=L1(Inductance 4.06 x 4.45)
Added Component: Designator=P1(690367280676)
Added Component: Designator=P2(690367280476)
Added Component: Designator=P3(690367280676)
Added Component: Designator=P4(HDR1X6)
Added Component: Designator=P5(690367280476)
Added Component: Designator=Q1(SOT-23)
Added Component: Designator=Q2(SOT23_L)
Added Component: Designator=R1(0805)
Added Component: Designator=R2(0805)
Added Component: Designator=R3(0805)
Added Component: Designator=R4(0805)
Added Component: Designator=R5(0805)
Added Component: Designator=R6(0805)
Added Component: Designator=R7(0805)
Added Component: Designator=R8(0805)
Added Component: Designator=R9(0805)
Added Component: Designator=R10(0805)
Added Component: Designator=R11(0805)
Added Component: Designator=R12(0805)
Added Component: Designator=R13(0805)
Added Component: Designator=R14(0805)
Added Component: Designator=R15(0805)
Added Component: Designator=R16(0805)
Added Component: Designator=R17(0805)
Added Component: Designator=R18(0805)
Added Component: Designator=R19(0805)
Added Component: Designator=R20(0805)
Added Component: Designator=R21(0805)
Added Component: Designator=R22(0805)
Added Component: Designator=R23(0805)
Added Component: Designator=R24(0805)
Added Component: Designator=R25(0805)
Added Component: Designator=R26(0805)
Added Component: Designator=R27(0805)
Added Component: Designator=R28(0805)
Added Component: Designator=R29(0805)
Added Component: Designator=R30(0805)
Added Component: Designator=R31(0805)
Added Component: Designator=R32(0805)
Added Component: Designator=U1(TQFP-PT44_N)
Added Pin To Net: NetName=GND Pin=C1-1
Added Pin To Net: NetName=3.3V Pin=C1-2
Added Pin To Net: NetName=GND Pin=C2-1
Added Pin To Net: NetName=3.3V Pin=C2-2
Added Pin To Net: NetName=GND Pin=C3-1
Added Pin To Net: NetName=3.3V Pin=C3-2
Added Pin To Net: NetName=GND Pin=C4-1
Added Pin To Net: NetName=VCAP Pin=C4-2
Added Pin To Net: NetName=GND Pin=C5-1
Added Pin To Net: NetName=NetC5_2 Pin=C5-2
Added Pin To Net: NetName=GND Pin=C6-1
Added Pin To Net: NetName=5V Pin=C6-2
Added Pin To Net: NetName=GND Pin=C7-1
Added Pin To Net: NetName=3.3V Pin=C7-2
Added Pin To Net: NetName=GND Pin=C8-1
Added Pin To Net: NetName=5V Pin=C8-2
Added Pin To Net: NetName=NetC9_1 Pin=C9-1
Added Pin To Net: NetName=NetC9_2 Pin=C9-2
Added Pin To Net: NetName=NetC10_1 Pin=C10-1
Added Pin To Net: NetName=NetC10_2 Pin=C10-2
Added Pin To Net: NetName=12V Pin=C11-1
Added Pin To Net: NetName=GND Pin=C11-2
Added Pin To Net: NetName=GND Pin=C12-1
Added Pin To Net: NetName=12V Pin=C12-2
Added Pin To Net: NetName=NetC13_1 Pin=C13-1
Added Pin To Net: NetName=GND Pin=C13-2
Added Pin To Net: NetName=GND Pin=C14-1
Added Pin To Net: NetName=NetC13_1 Pin=C14-2
Added Pin To Net: NetName=GND Pin=C15-1
Added Pin To Net: NetName=12V Pin=C15-2
Added Pin To Net: NetName=GND Pin=C16-1
Added Pin To Net: NetName=3.3V Pin=C16-2
Added Pin To Net: NetName=12V Pin=C17-1
Added Pin To Net: NetName=GND Pin=C17-2
Added Pin To Net: NetName=GND Pin=C18-1
Added Pin To Net: NetName=12V Pin=C18-2
Added Pin To Net: NetName=GND Pin=C19-1
Added Pin To Net: NetName=12V Pin=C19-2
Added Pin To Net: NetName=GND Pin=C20-1
Added Pin To Net: NetName=5V Pin=C20-2
Added Pin To Net: NetName=GND Pin=C21-1
Added Pin To Net: NetName=NetC21_2 Pin=C21-2
Added Pin To Net: NetName=NetC22_1 Pin=C22-1
Added Pin To Net: NetName=GND Pin=C22-2
Added Pin To Net: NetName=NetD1_1 Pin=D1-1
Added Pin To Net: NetName=GND Pin=D1-2
Added Pin To Net: NetName=NetD2_1 Pin=D2-1
Added Pin To Net: NetName=GND Pin=D2-2
Added Pin To Net: NetName=NetD3_1 Pin=D3-1
Added Pin To Net: NetName=GND Pin=D3-2
Added Pin To Net: NetName=NetD4_1 Pin=D4-1
Added Pin To Net: NetName=GND Pin=D4-2
Added Pin To Net: NetName=NetD5_1 Pin=D5-1
Added Pin To Net: NetName=NetD5_2 Pin=D5-2
Added Pin To Net: NetName=NetD6_1 Pin=D6-1
Added Pin To Net: NetName=GND Pin=D6-2
Added Pin To Net: NetName=NetD7_1 Pin=D7-1
Added Pin To Net: NetName=GND Pin=D7-2
Added Pin To Net: NetName=NetD8_1 Pin=D8-1
Added Pin To Net: NetName=GND Pin=D8-2
Added Pin To Net: NetName=GND Pin=J4-1
Added Pin To Net: NetName=NetJ4_2 Pin=J4-2
Added Pin To Net: NetName=GND Pin=J4-3
Added Pin To Net: NetName=EN CAPTEUR Pin=J4-4
Added Pin To Net: NetName=5V Pin=K1-1
Added Pin To Net: NetName=GND Pin=K1-2
Added Pin To Net: NetName=NetK1_3 Pin=K1-3
Added Pin To Net: NetName=5V Pin=K1-4
Added Pin To Net: NetName=NetC13_1 Pin=L1-1
Added Pin To Net: NetName=NetD5_1 Pin=L1-2
Added Pin To Net: NetName=NetP1_1 Pin=P1-1
Added Pin To Net: NetName=3.3V Pin=P1-2
Added Pin To Net: NetName=GND Pin=P1-3
Added Pin To Net: NetName=NetP1_4 Pin=P1-4
Added Pin To Net: NetName=NetP1_5 Pin=P1-5
Added Pin To Net: NetName=GND Pin=P2-1
Added Pin To Net: NetName=NetP2_2 Pin=P2-2
Added Pin To Net: NetName=3.3V Pin=P2-3
Added Pin To Net: NetName=NetP2_4 Pin=P2-4
Added Pin To Net: NetName=NetP3_1 Pin=P3-1
Added Pin To Net: NetName=NetP3_2 Pin=P3-2
Added Pin To Net: NetName=NetP3_3 Pin=P3-3
Added Pin To Net: NetName=3.3V Pin=P3-4
Added Pin To Net: NetName=NetP3_5 Pin=P3-5
Added Pin To Net: NetName=GND Pin=P3-6
Added Pin To Net: NetName=GND Pin=P4-1
Added Pin To Net: NetName=NetP4_4 Pin=P4-4
Added Pin To Net: NetName=NetP4_5 Pin=P4-5
Added Pin To Net: NetName=NetP5_1 Pin=P5-1
Added Pin To Net: NetName=GND Pin=P5-2
Added Pin To Net: NetName=5V Pin=P5-3
Added Pin To Net: NetName=NetP5_4 Pin=P5-4
Added Pin To Net: NetName=EN CAPTEUR Pin=Q1-1
Added Pin To Net: NetName=NetQ1_1 Pin=Q1-2
Added Pin To Net: NetName=12V Pin=Q1-3
Added Pin To Net: NetName=NetQ2_1 Pin=Q2-1
Added Pin To Net: NetName=GND Pin=Q2-2
Added Pin To Net: NetName=NetQ1_1 Pin=Q2-3
Added Pin To Net: NetName=NetC5_2 Pin=R1-1
Added Pin To Net: NetName=3.3V Pin=R1-2
Added Pin To Net: NetName=NetC5_2 Pin=R2-1
Added Pin To Net: NetName=NetP1_1 Pin=R2-2
Added Pin To Net: NetName=NetP2_2 Pin=R3-1
Added Pin To Net: NetName=3.3V Pin=R3-2
Added Pin To Net: NetName=NetP2_4 Pin=R4-1
Added Pin To Net: NetName=3.3V Pin=R4-2
Added Pin To Net: NetName=NetR5_1 Pin=R5-1
Added Pin To Net: NetName=NetD1_1 Pin=R5-2
Added Pin To Net: NetName=NetR6_1 Pin=R6-1
Added Pin To Net: NetName=NetD2_1 Pin=R6-2
Added Pin To Net: NetName=NetR7_1 Pin=R7-1
Added Pin To Net: NetName=NetD3_1 Pin=R7-2
Added Pin To Net: NetName=NetR8_1 Pin=R8-1
Added Pin To Net: NetName=NetD4_1 Pin=R8-2
Added Pin To Net: NetName=NetR9_1 Pin=R9-1
Added Pin To Net: NetName=NetR9_2 Pin=R9-2
Added Pin To Net: NetName=NetR9_2 Pin=R10-1
Added Pin To Net: NetName=NetP5_4 Pin=R10-2
Added Pin To Net: NetName=NetR9_2 Pin=R11-1
Added Pin To Net: NetName=GND Pin=R11-2
Added Pin To Net: NetName=NetR12_1 Pin=R12-1
Added Pin To Net: NetName=NetR12_2 Pin=R12-2
Added Pin To Net: NetName=NetR12_2 Pin=R13-1
Added Pin To Net: NetName=NetP5_1 Pin=R13-2
Added Pin To Net: NetName=NetR12_2 Pin=R14-1
Added Pin To Net: NetName=GND Pin=R14-2
Added Pin To Net: NetName=NetD5_2 Pin=R15-1
Added Pin To Net: NetName=12V Pin=R15-2
Added Pin To Net: NetName=NetD6_1 Pin=R16-1
Added Pin To Net: NetName=3.3V Pin=R16-2
Added Pin To Net: NetName=NetD7_1 Pin=R17-1
Added Pin To Net: NetName=5V Pin=R17-2
Added Pin To Net: NetName=NetD8_1 Pin=R18-1
Added Pin To Net: NetName=12V Pin=R18-2
Added Pin To Net: NetName=NetR19_1 Pin=R19-1
Added Pin To Net: NetName=NetD5_2 Pin=R19-2
Added Pin To Net: NetName=NetC21_2 Pin=R20-1
Added Pin To Net: NetName=NetR20_2 Pin=R20-2
Added Pin To Net: NetName=GND Pin=R21-1
Added Pin To Net: NetName=NetR19_1 Pin=R21-2
Added Pin To Net: NetName=3.3V Pin=R22-1
Added Pin To Net: NetName=NetR22_2 Pin=R22-2
Added Pin To Net: NetName=NetQ1_1 Pin=R23-1
Added Pin To Net: NetName=12V Pin=R23-2
Added Pin To Net: NetName=NetR22_2 Pin=R24-1
Added Pin To Net: NetName=NetC22_1 Pin=R24-2
Added Pin To Net: NetName=NetR22_2 Pin=R25-1
Added Pin To Net: NetName=NetR25_2 Pin=R25-2
Added Pin To Net: NetName=NetR25_2 Pin=R26-1
Added Pin To Net: NetName=NetJ4_2 Pin=R26-2
Added Pin To Net: NetName=NetQ2_1 Pin=R27-1
Added Pin To Net: NetName=NetR27_2 Pin=R27-2
Added Pin To Net: NetName=NetR28_1 Pin=R28-1
Added Pin To Net: NetName=NetC22_1 Pin=R28-2
Added Pin To Net: NetName=NetR29_1 Pin=R29-1
Added Pin To Net: NetName=NetR28_1 Pin=R29-2
Added Pin To Net: NetName=NetJ4_2 Pin=R30-1
Added Pin To Net: NetName=NetR29_1 Pin=R30-2
Added Pin To Net: NetName=GND Pin=R31-1
Added Pin To Net: NetName=NetQ2_1 Pin=R31-2
Added Pin To Net: NetName=GND Pin=R32-1
Added Pin To Net: NetName=NetR28_1 Pin=R32-2
Added Pin To Net: NetName=NetP2_2 Pin=U1-1
Added Pin To Net: NetName=NetU1_2 Pin=U1-2
Added Pin To Net: NetName=NetU1_3 Pin=U1-3
Added Pin To Net: NetName=NetR9_1 Pin=U1-4
Added Pin To Net: NetName=NetR12_1 Pin=U1-5
Added Pin To Net: NetName=GND Pin=U1-6
Added Pin To Net: NetName=VCAP Pin=U1-7
Added Pin To Net: NetName=NetR5_1 Pin=U1-8
Added Pin To Net: NetName=NetR6_1 Pin=U1-9
Added Pin To Net: NetName=NetP4_4 Pin=U1-10
Added Pin To Net: NetName=NetP4_5 Pin=U1-11
Added Pin To Net: NetName=NetP3_5 Pin=U1-13
Added Pin To Net: NetName=NetP3_3 Pin=U1-14
Added Pin To Net: NetName=NetP3_2 Pin=U1-15
Added Pin To Net: NetName=GND Pin=U1-16
Added Pin To Net: NetName=3.3V Pin=U1-17
Added Pin To Net: NetName=NetP1_1 Pin=U1-18
Added Pin To Net: NetName=NetP1_4 Pin=U1-21
Added Pin To Net: NetName=NetP1_5 Pin=U1-22
Added Pin To Net: NetName=NetU1_23 Pin=U1-23
Added Pin To Net: NetName=NetU1_24 Pin=U1-24
Added Pin To Net: NetName=NetU1_25 Pin=U1-25
Added Pin To Net: NetName=NetU1_26 Pin=U1-26
Added Pin To Net: NetName=3.3V Pin=U1-28
Added Pin To Net: NetName=GND Pin=U1-29
Added Pin To Net: NetName=NetK1_3 Pin=U1-30
Added Pin To Net: NetName=NetP3_1 Pin=U1-32
Added Pin To Net: NetName=GND Pin=U1-39
Added Pin To Net: NetName=3.3V Pin=U1-40
Added Pin To Net: NetName=NetU1_43 Pin=U1-43
Added Pin To Net: NetName=NetP2_4 Pin=U1-44
Added Member To Class: ClassName=Sheet 1 - Micro Member=Component C1 0.1uF
Added Member To Class: ClassName=Sheet 1 - Micro Member=Component C2 0.1uF
Added Member To Class: ClassName=Sheet 1 - Micro Member=Component C3 0.1uF
Added Member To Class: ClassName=Sheet 1 - Micro Member=Component C4 0.1uF
Added Member To Class: ClassName=Sheet 1 - Micro Member=Component C5 0.1uF
Added Member To Class: ClassName=Sheet 1 - Micro Member=Component C6 0.1uF
Added Member To Class: ClassName=Sheet 1 - Micro Member=Component C7 100pF
Added Member To Class: ClassName=Sheet 2 - Moteurs Member=Component C8 0.1uF
Added Member To Class: ClassName=Sheet 2 - Moteurs Member=Component C9 10nF
Added Member To Class: ClassName=Sheet 2 - Moteurs Member=Component C10 10nF
Added Member To Class: ClassName=Sheet 2 - Moteurs Member=Component C11 220uF
Added Member To Class: ClassName=Sheet 2 - Moteurs Member=Component C12 1uF
Added Member To Class: ClassName=Sheet 3 - Alims Member=Component C13 100uF
Added Member To Class: ClassName=Sheet 3 - Alims Member=Component C14 0.1uF
Added Member To Class: ClassName=Sheet 3 - Alims Member=Component C15 1uF
Added Member To Class: ClassName=Sheet 3 - Alims Member=Component C16 10uF
Added Member To Class: ClassName=Sheet 3 - Alims Member=Component C17 1200uF
Added Member To Class: ClassName=Sheet 3 - Alims Member=Component C18 0.1uF
Added Member To Class: ClassName=Sheet 3 - Alims Member=Component C19 1UF
Added Member To Class: ClassName=Sheet 3 - Alims Member=Component C20 10uF
Added Member To Class: ClassName=Sheet 3 - Alims Member=Component C21 0.2uF
Added Member To Class: ClassName=Sheet 4 - Capteurs Member=Component C22 100pF
Added Member To Class: ClassName=Sheet 1 - Micro Member=Component D1 LED
Added Member To Class: ClassName=Sheet 1 - Micro Member=Component D2 LED
Added Member To Class: ClassName=Sheet 1 - Micro Member=Component D3 LED
Added Member To Class: ClassName=Sheet 1 - Micro Member=Component D4 LED
Added Member To Class: ClassName=Sheet 3 - Alims Member=Component D5 D Schottky
Added Member To Class: ClassName=Sheet 3 - Alims Member=Component D6 LED
Added Member To Class: ClassName=Sheet 3 - Alims Member=Component D7 LED
Added Member To Class: ClassName=Sheet 3 - Alims Member=Component D8 LED
Added Member To Class: ClassName=Sheet 4 - Capteurs Member=Component J4 WE 4 pins
Added Member To Class: ClassName=Sheet 1 - Micro Member=Component K1 Quartz 10Mhz
Added Member To Class: ClassName=Sheet 3 - Alims Member=Component L1 15uH
Added Member To Class: ClassName=Sheet 1 - Micro Member=Component P1 mini connect
Added Member To Class: ClassName=Sheet 1 - Micro Member=Component P2 mini connect
Added Member To Class: ClassName=Sheet 1 - Micro Member=Component P3 Mini connect
Added Member To Class: ClassName=Sheet 1 - Micro Member=Component P4 Header 6
Added Member To Class: ClassName=Sheet 2 - Moteurs Member=Component P5 WE 4 pins
Added Member To Class: ClassName=Sheet 4 - Capteurs Member=Component Q1 MOSFET P
Added Member To Class: ClassName=Sheet 4 - Capteurs Member=Component Q2 Transistor NPN
Added Member To Class: ClassName=Sheet 1 - Micro Member=Component R1 10K
Added Member To Class: ClassName=Sheet 1 - Micro Member=Component R2 100R
Added Member To Class: ClassName=Sheet 1 - Micro Member=Component R3 1K
Added Member To Class: ClassName=Sheet 1 - Micro Member=Component R4 1K
Added Member To Class: ClassName=Sheet 1 - Micro Member=Component R5 330R
Added Member To Class: ClassName=Sheet 1 - Micro Member=Component R6 330R
Added Member To Class: ClassName=Sheet 1 - Micro Member=Component R7 470R
Added Member To Class: ClassName=Sheet 1 - Micro Member=Component R8 470R
Added Member To Class: ClassName=Sheet 2 - Moteurs Member=Component R9 470R
Added Member To Class: ClassName=Sheet 2 - Moteurs Member=Component R10 10K
Added Member To Class: ClassName=Sheet 2 - Moteurs Member=Component R11 15K
Added Member To Class: ClassName=Sheet 2 - Moteurs Member=Component R12 470R
Added Member To Class: ClassName=Sheet 2 - Moteurs Member=Component R13 10K
Added Member To Class: ClassName=Sheet 2 - Moteurs Member=Component R14 15K
Added Member To Class: ClassName=Sheet 3 - Alims Member=Component R15 0R
Added Member To Class: ClassName=Sheet 3 - Alims Member=Component R16 330R
Added Member To Class: ClassName=Sheet 3 - Alims Member=Component R17 470R
Added Member To Class: ClassName=Sheet 3 - Alims Member=Component R18 1K
Added Member To Class: ClassName=Sheet 3 - Alims Member=Component R19 17K4
Added Member To Class: ClassName=Sheet 3 - Alims Member=Component R20 1K
Added Member To Class: ClassName=Sheet 3 - Alims Member=Component R21 2K
Added Member To Class: ClassName=Sheet 4 - Capteurs Member=Component R22 215K
Added Member To Class: ClassName=Sheet 4 - Capteurs Member=Component R23 10K
Added Member To Class: ClassName=Sheet 4 - Capteurs Member=Component R24 0R
Added Member To Class: ClassName=Sheet 4 - Capteurs Member=Component R25 1K
Added Member To Class: ClassName=Sheet 4 - Capteurs Member=Component R26 0R
Added Member To Class: ClassName=Sheet 4 - Capteurs Member=Component R27 1K
Added Member To Class: ClassName=Sheet 4 - Capteurs Member=Component R28 0R
Added Member To Class: ClassName=Sheet 4 - Capteurs Member=Component R29 10K
Added Member To Class: ClassName=Sheet 4 - Capteurs Member=Component R30 0R
Added Member To Class: ClassName=Sheet 4 - Capteurs Member=Component R31 10K
Added Member To Class: ClassName=Sheet 4 - Capteurs Member=Component R32 3K4
Added Member To Class: ClassName=Sheet 1 - Micro Member=Component U1 DSPIC33FJ128MC804T-I/PT
