Removed Pin From Net: NetName=NetP2_2 Pin=U1-1
Removed Pin From Net: NetName=NetU1_2 Pin=U1-2
Removed Pin From Net: NetName=NetU1_3 Pin=U1-3
Removed Pin From Net: NetName=NetR9_1 Pin=U1-4
Removed Pin From Net: NetName=NetR12_1 Pin=U1-5
Removed Pin From Net: NetName=NetR33_1 Pin=U1-8
Removed Pin From Net: NetName=NetR34_1 Pin=U1-9
Removed Pin From Net: NetName=NetP3_5 Pin=U1-13
Removed Pin From Net: NetName=NetP3_3 Pin=U1-14
Removed Pin From Net: NetName=NetP3_2 Pin=U1-15
Removed Pin From Net: NetName=NetP1_4 Pin=U1-21
Removed Pin From Net: NetName=NetP1_5 Pin=U1-22
Removed Pin From Net: NetName=NetR5_1 Pin=U1-23
Removed Pin From Net: NetName=NetR6_1 Pin=U1-24
Removed Pin From Net: NetName=NetR7_1 Pin=U1-25
Removed Pin From Net: NetName=NetR8_1 Pin=U1-26
Removed Pin From Net: NetName=NetP3_1 Pin=U1-32
Removed Pin From Net: NetName=NetR27_2 Pin=U1-42
Removed Pin From Net: NetName=NetC22_1 Pin=U1-43
Removed Pin From Net: NetName=NetP2_4 Pin=U1-44
Removed Pin From Net: NetName=NetU1_3 Pin=U2-3
Removed Pin From Net: NetName=NetU1_2 Pin=U2-5
Added Pin To Net: NetName=NetP3_3 Pin=U1-1
Added Pin To Net: NetName=NetP3_1 Pin=U1-2
Added Pin To Net: NetName=NetU1_3 Pin=U1-4
Added Pin To Net: NetName=NetU1_2 Pin=U1-5
Added Pin To Net: NetName=NetP1_4 Pin=U1-8
Added Pin To Net: NetName=NetP1_5 Pin=U1-9
Added Pin To Net: NetName=NetR27_2 Pin=U1-22
Added Pin To Net: NetName=NetC22_1 Pin=U1-23
Added Pin To Net: NetName=NetR9_1 Pin=U1-37
Added Pin To Net: NetName=NetR12_1 Pin=U1-38
Added Pin To Net: NetName=NetP2_2 Pin=U1-41
Added Pin To Net: NetName=NetP2_4 Pin=U1-42
Added Pin To Net: NetName=NetP3_5 Pin=U1-43
Added Pin To Net: NetName=NetP3_2 Pin=U1-44
Added Pin To Net: NetName=NetU1_2 Pin=U2-3
Added Pin To Net: NetName=NetU1_3 Pin=U2-5
Change Net Name : Old Net Name=NetK1_3 New Net Name=CLOCK
Change Net Name : Old Net Name=NetP1_1 New Net Name=MCLR
Change Net Name : Old Net Name=NetP1_4 New Net Name=PGD
Change Net Name : Old Net Name=NetP1_5 New Net Name=PGC
Change Net Name : Old Net Name=NetP2_2 New Net Name=SDA
Change Net Name : Old Net Name=NetP2_4 New Net Name=SCL
Change Net Name : Old Net Name=NetP3_1 New Net Name=ENABLE BL
Change Net Name : Old Net Name=NetP3_2 New Net Name=TX BL
Change Net Name : Old Net Name=NetP3_3 New Net Name=RX BL
Change Net Name : Old Net Name=NetP3_5 New Net Name=STATUS BL
Change Net Name : Old Net Name=NetP4_4 New Net Name=RX USB
Change Net Name : Old Net Name=NetP4_5 New Net Name=TX USB
Change Net Name : Old Net Name=NetU1_2 New Net Name=NetU1_5
Change Net Name : Old Net Name=NetU1_3 New Net Name=NetU1_4
