Added Component: Designator=D1(LED 0805)
Added Component: Designator=D2(LED 0805)
Added Component: Designator=D3(LED 0805)
Added Component: Designator=D4(LED 0805)
Added Component: Designator=D9(LED 0805)
Added Component: Designator=D10(LED 0805)
Added Component: Designator=D13(LED 0805)
Added Component: Designator=D14(LED 0805)
Added Component: Designator=D15(LED 0805)
Added Component: Designator=D16(LED 0805)
Added Component: Designator=D17(LED 0805)
Added Component: Designator=R5(0805)
Added Component: Designator=R6(0805)
Added Component: Designator=R7(0805)
Added Component: Designator=R8(0805)
Added Component: Designator=R33(0805)
Added Component: Designator=R34(0805)
Added Component: Designator=R43(0805)
Added Component: Designator=R44(0805)
Added Component: Designator=R45(0805)
Added Component: Designator=R46(0805)
Added Component: Designator=R47(0805)
Added Pin To Net: NetName=NetD1_1 Pin=D1-1
Added Pin To Net: NetName=GND Pin=D1-2
Added Pin To Net: NetName=NetD2_1 Pin=D2-1
Added Pin To Net: NetName=GND Pin=D2-2
Added Pin To Net: NetName=NetD3_1 Pin=D3-1
Added Pin To Net: NetName=GND Pin=D3-2
Added Pin To Net: NetName=NetD4_1 Pin=D4-1
Added Pin To Net: NetName=GND Pin=D4-2
Added Pin To Net: NetName=NetD9_1 Pin=D9-1
Added Pin To Net: NetName=GND Pin=D9-2
Added Pin To Net: NetName=NetD10_1 Pin=D10-1
Added Pin To Net: NetName=GND Pin=D10-2
Added Pin To Net: NetName=GND Pin=D13-2
Added Pin To Net: NetName=GND Pin=D14-2
Added Pin To Net: NetName=GND Pin=D15-2
Added Pin To Net: NetName=GND Pin=D16-2
Added Pin To Net: NetName=GND Pin=D17-2
Added Pin To Net: NetName=NetR5_1 Pin=R5-1
Added Pin To Net: NetName=NetD1_1 Pin=R5-2
Added Pin To Net: NetName=NetR6_1 Pin=R6-1
Added Pin To Net: NetName=NetD2_1 Pin=R6-2
Added Pin To Net: NetName=NetR7_1 Pin=R7-1
Added Pin To Net: NetName=NetD3_1 Pin=R7-2
Added Pin To Net: NetName=NetR8_1 Pin=R8-1
Added Pin To Net: NetName=NetD4_1 Pin=R8-2
Added Pin To Net: NetName=TX USB Pin=R33-1
Added Pin To Net: NetName=NetD9_1 Pin=R33-2
Added Pin To Net: NetName=RX USB Pin=R34-1
Added Pin To Net: NetName=NetD10_1 Pin=R34-2
Added Pin To Net: NetName=NetR5_1 Pin=U1-20
Added Pin To Net: NetName=NetR6_1 Pin=U1-21
Added Pin To Net: NetName=NetR7_1 Pin=U1-22
Added Pin To Net: NetName=NetR8_1 Pin=U1-23
Change Net Name : Old Net Name=NetR5_1 New Net Name=LED 5
Change Net Name : Old Net Name=NetR6_1 New Net Name=LED 6
Change Net Name : Old Net Name=NetR7_1 New Net Name=LED 7
Change Net Name : Old Net Name=NetR8_1 New Net Name=LED 8
Added Pin To Net: NetName=LED 1 Pin=R43-1
Added Pin To Net: NetName=LED 1 Pin=U1-12
Added Net: Name=LED 1
Added Pin To Net: NetName=LED 2 Pin=R44-1
Added Pin To Net: NetName=LED 2 Pin=U1-13
Added Net: Name=LED 2
Added Pin To Net: NetName=LED 3 Pin=R45-1
Added Pin To Net: NetName=LED 3 Pin=U1-14
Added Net: Name=LED 3
Added Pin To Net: NetName=LED 4 Pin=R46-1
Added Pin To Net: NetName=LED 4 Pin=U1-19
Added Net: Name=LED 4
Added Pin To Net: NetName=LED 9 Pin=R47-1
Added Pin To Net: NetName=LED 9 Pin=U1-24
Added Net: Name=LED 9
Added Pin To Net: NetName=NetD13_1 Pin=D13-1
Added Pin To Net: NetName=NetD13_1 Pin=R43-2
Added Net: Name=NetD13_1
Added Pin To Net: NetName=NetD14_1 Pin=D14-1
Added Pin To Net: NetName=NetD14_1 Pin=R44-2
Added Net: Name=NetD14_1
Added Pin To Net: NetName=NetD15_1 Pin=D15-1
Added Pin To Net: NetName=NetD15_1 Pin=R45-2
Added Net: Name=NetD15_1
Added Pin To Net: NetName=NetD16_1 Pin=D16-1
Added Pin To Net: NetName=NetD16_1 Pin=R46-2
Added Net: Name=NetD16_1
Added Pin To Net: NetName=NetD17_1 Pin=D17-1
Added Pin To Net: NetName=NetD17_1 Pin=R47-2
Added Net: Name=NetD17_1
Added Member To Class: ClassName=Sheet 1 - Micro Member=Component D1 LED
Added Member To Class: ClassName=Sheet 1 - Micro Member=Component D2 LED
Added Member To Class: ClassName=Sheet 1 - Micro Member=Component D3 LED
Added Member To Class: ClassName=Sheet 1 - Micro Member=Component D4 LED
Added Member To Class: ClassName=Sheet 1 - Micro Member=Component D9 LED
Added Member To Class: ClassName=Sheet 1 - Micro Member=Component D10 LED
Added Member To Class: ClassName=Sheet 1 - Micro Member=Component D13 LED
Added Member To Class: ClassName=Sheet 1 - Micro Member=Component D14 LED
Added Member To Class: ClassName=Sheet 1 - Micro Member=Component D15 LED
Added Member To Class: ClassName=Sheet 1 - Micro Member=Component D16 LED
Added Member To Class: ClassName=Sheet 1 - Micro Member=Component D17 LED
Added Member To Class: ClassName=Sheet 1 - Micro Member=Component R5 330R
Added Member To Class: ClassName=Sheet 1 - Micro Member=Component R6 330R
Added Member To Class: ClassName=Sheet 1 - Micro Member=Component R7 330R
Added Member To Class: ClassName=Sheet 1 - Micro Member=Component R8 330R
Added Member To Class: ClassName=Sheet 1 - Micro Member=Component R33 330R
Added Member To Class: ClassName=Sheet 1 - Micro Member=Component R34 330R
Added Member To Class: ClassName=Sheet 1 - Micro Member=Component R43 330R
Added Member To Class: ClassName=Sheet 1 - Micro Member=Component R44 330R
Added Member To Class: ClassName=Sheet 1 - Micro Member=Component R45 330R
Added Member To Class: ClassName=Sheet 1 - Micro Member=Component R46 330R
Added Member To Class: ClassName=Sheet 1 - Micro Member=Component R47 330R
