Added Component: Designator=U2(TA11B)
Added Component: Designator=U3(MP04A_N)
Added Component: Designator=U4(TS7B_N)
Added Component: Designator=U5(MP04A_N)
Added Pin To Net: NetName=NetC9_1 Pin=U2-1
Added Pin To Net: NetName=NetC9_2 Pin=U2-2
Added Pin To Net: NetName=NetU1_3 Pin=U2-3
Added Pin To Net: NetName=NetU1_2 Pin=U2-5
Added Pin To Net: NetName=12V Pin=U2-6
Added Pin To Net: NetName=GND Pin=U2-7
Added Pin To Net: NetName=NetC10_2 Pin=U2-10
Added Pin To Net: NetName=NetC10_1 Pin=U2-11
Added Pin To Net: NetName=GND Pin=U3-1
Added Pin To Net: NetName=3.3V Pin=U3-2
Added Pin To Net: NetName=12V Pin=U3-3
Added Pin To Net: NetName=3.3V Pin=U3-4
Added Pin To Net: NetName=NetR20_2 Pin=U4-2
Added Pin To Net: NetName=NetR19_1 Pin=U4-3
Added Pin To Net: NetName=GND Pin=U4-4
Added Pin To Net: NetName=NetD5_1 Pin=U4-5
Added Pin To Net: NetName=NetC13_1 Pin=U4-7
Added Pin To Net: NetName=GND Pin=U4-8
Added Pin To Net: NetName=GND Pin=U5-1
Added Pin To Net: NetName=5V Pin=U5-2
Added Pin To Net: NetName=12V Pin=U5-3
Added Pin To Net: NetName=5V Pin=U5-4
Added Member To Class: ClassName=Sheet 2 - Moteurs Member=Component U2 LMD18200T
Added Member To Class: ClassName=Sheet 3 - Alims Member=Component U3 LM1117MP-3.3
Added Member To Class: ClassName=Sheet 3 - Alims Member=Component U4 LM2588S-ADJ
Added Member To Class: ClassName=Sheet 3 - Alims Member=Component U5 LM1117IMP-5.0
