Added Component: Designator=J5(690367280476)
Added Component: Designator=R37(0805)
Added Component: Designator=R38(0805)
Added Component: Designator=R39(0805)
Added Component: Designator=R40(0805)
Added Component: Designator=R41(0805)
Added Component: Designator=R42(0805)
Added Pin To Net: NetName=GND Pin=J5-2
Added Pin To Net: NetName=3.3V Pin=R37-1
Added Pin To Net: NetName=3.3V Pin=R39-1
Added Pin To Net: NetName=3.3V Pin=R41-1
Added Pin To Net: NetName=B1 Pin=R38-1
Added Pin To Net: NetName=B1 Pin=U1-3
Added Net: Name=B1
Added Pin To Net: NetName=B2 Pin=R40-1
Added Pin To Net: NetName=B2 Pin=U1-4
Added Net: Name=B2
Added Pin To Net: NetName=B3 Pin=R42-1
Added Pin To Net: NetName=B3 Pin=U1-5
Added Net: Name=B3
Added Pin To Net: NetName=NetJ5_1 Pin=J5-1
Added Pin To Net: NetName=NetJ5_1 Pin=R39-2
Added Pin To Net: NetName=NetJ5_1 Pin=R40-2
Added Net: Name=NetJ5_1
Added Pin To Net: NetName=NetJ5_3 Pin=J5-3
Added Pin To Net: NetName=NetJ5_3 Pin=R37-2
Added Pin To Net: NetName=NetJ5_3 Pin=R38-2
Added Net: Name=NetJ5_3
Added Pin To Net: NetName=NetJ5_4 Pin=J5-4
Added Pin To Net: NetName=NetJ5_4 Pin=R41-2
Added Pin To Net: NetName=NetJ5_4 Pin=R42-2
Added Net: Name=NetJ5_4
Added Member To Class: ClassName=Sheet 4 - Capteurs Member=Component J5 WE 4 pins
Added Member To Class: ClassName=Sheet 4 - Capteurs Member=Component R37 10K
Added Member To Class: ClassName=Sheet 4 - Capteurs Member=Component R38 470R
Added Member To Class: ClassName=Sheet 4 - Capteurs Member=Component R39 10K
Added Member To Class: ClassName=Sheet 4 - Capteurs Member=Component R40 470R
Added Member To Class: ClassName=Sheet 4 - Capteurs Member=Component R41 10K
Added Member To Class: ClassName=Sheet 4 - Capteurs Member=Component R42 470R
