Added Component: Designator=C10(C0805)
Added Component: Designator=C11(C0805)
Added Component: Designator=C12(CAPA_D10_E5)
Added Component: Designator=C13(C0805)
Added Component: Designator=C14(C0805)
Added Component: Designator=C15(C0805)
Added Component: Designator=C16(C0805)
Added Component: Designator=D5(D0805)
Added Component: Designator=R15(0805)
Added Component: Designator=R19(0805)
Added Component: Designator=R20(0805)
Added Component: Designator=R21(0805)
Added Component: Designator=U4(MP04A_N)
Added Component: Designator=U6(MP04A_N)
Added Pin To Net: NetName=GND Pin=C10-1
Added Pin To Net: NetName=12V Pin=C10-2
Added Pin To Net: NetName=GND Pin=C11-1
Added Pin To Net: NetName=3.3V Pin=C11-2
Added Pin To Net: NetName=12V Pin=C12-1
Added Pin To Net: NetName=GND Pin=C12-2
Added Pin To Net: NetName=GND Pin=C13-1
Added Pin To Net: NetName=12V Pin=C13-2
Added Pin To Net: NetName=GND Pin=C14-1
Added Pin To Net: NetName=12V Pin=C14-2
Added Pin To Net: NetName=GND Pin=C15-1
Added Pin To Net: NetName=5V Pin=C15-2
Added Pin To Net: NetName=GND Pin=C16-1
Added Pin To Net: NetName=NetC16_2 Pin=C16-2
Added Pin To Net: NetName=NetD5_1 Pin=D5-1
Added Pin To Net: NetName=NetD5_2 Pin=D5-2
Added Pin To Net: NetName=NetD5_2 Pin=R15-1
Added Pin To Net: NetName=12V Pin=R15-2
Added Pin To Net: NetName=NetR19_1 Pin=R19-1
Added Pin To Net: NetName=NetD5_2 Pin=R19-2
Added Pin To Net: NetName=NetC16_2 Pin=R20-1
Added Pin To Net: NetName=NetR20_2 Pin=R20-2
Added Pin To Net: NetName=GND Pin=R21-1
Added Pin To Net: NetName=NetR19_1 Pin=R21-2
Added Pin To Net: NetName=GND Pin=U4-1
Added Pin To Net: NetName=12V Pin=U4-3
Added Pin To Net: NetName=3.3V Pin=U4-4
Added Pin To Net: NetName=GND Pin=U6-1
Added Pin To Net: NetName=12V Pin=U6-3
Added Pin To Net: NetName=5V Pin=U6-4
Added Member To Class: ClassName=Sheet 3 - Alims Member=Component C10 1uF
Added Member To Class: ClassName=Sheet 3 - Alims Member=Component C11 10uF
Added Member To Class: ClassName=Sheet 3 - Alims Member=Component C12 1200uF
Added Member To Class: ClassName=Sheet 3 - Alims Member=Component C13 0.1uF
Added Member To Class: ClassName=Sheet 3 - Alims Member=Component C14 1UF
Added Member To Class: ClassName=Sheet 3 - Alims Member=Component C15 10uF
Added Member To Class: ClassName=Sheet 3 - Alims Member=Component C16 0.2uF
Added Member To Class: ClassName=Sheet 3 - Alims Member=Component D5 D Schottky
Added Member To Class: ClassName=Sheet 3 - Alims Member=Component J2 WE Type 691321100002
Added Member To Class: ClassName=Sheet 3 - Alims Member=Component R15 0R
Added Member To Class: ClassName=Sheet 3 - Alims Member=Component R19 17K4
Added Member To Class: ClassName=Sheet 3 - Alims Member=Component R20 1K
Added Member To Class: ClassName=Sheet 3 - Alims Member=Component R21 2K
Added Member To Class: ClassName=Sheet 3 - Alims Member=Component U4 LM1117MP-3.3
Added Member To Class: ClassName=Sheet 3 - Alims Member=Component U6 LM1117IMP-5.0
