Removed Pin From Net: NetName=5V Pin=C2-1
Removed Pin From Net: NetName=GND Pin=C2-5
Removed Pin From Net: NetName=5V Pin=Cap7-1
Removed Pin From Net: NetName=GND Pin=Cap7-2
Removed Pin From Net: NetName=5V Pin=Cap8-1
Removed Pin From Net: NetName=GND Pin=Cap8-2
Removed Pin From Net: NetName=5V Pin=Cap9-1
Removed Pin From Net: NetName=GND Pin=Cap9-2
Removed Pin From Net: NetName=GND Pin=Cap10-2
Removed Pin From Net: NetName=GND Pin=P4-2
Removed Pin From Net: NetName=5V Pin=P4-3
Removed Pin From Net: NetName=NetP4_4 Pin=R10-2
Removed Pin From Net: NetName=5V Pin=U2-4
Removed Pin From Net: NetName=GND Pin=U2-7
Removed Pin From Net: NetName=GND Pin=U2-18
Removed Pin From Net: NetName=5V Pin=U2-20
Removed Pin From Net: NetName=GND Pin=U2-21
Removed Pin From Net: NetName=NetR8_1 Pin=U2-22
Removed Pin From Net: NetName=NetR7_1 Pin=U2-23
Removed Pin From Net: NetName=GND Pin=U2-25
Removed Pin From Net: NetName=GND Pin=U2-26
Removed Member From Class: ClassName=Sheet 1 - Micro Member=Cap1
Removed Member From Class: ClassName=Sheet 1 - Micro Member=Cap2
Removed Member From Class: ClassName=Sheet 1 - Micro Member=Cap7
Removed Member From Class: ClassName=Sheet 1 - Micro Member=Cap8
Removed Member From Class: ClassName=Sheet 1 - Micro Member=Cap9
Removed Member From Class: ClassName=Sheet 1 - Micro Member=Cap10
Removed Member From Class: ClassName=Sheet 1 - Micro Member=U2
Change Component DesignItemId : Designator=P4 Old DesignItemId=MHDR1X4 New DesignItemId=Header 6
Change Component Footprint: Designator=P4 Old Footprint=690367280476 New Footprint=HDR1X6
Change Component Comment : Designator=R13 Old Comment=1K New Comment=10K
Change Component Comment : Designator=R14 Old Comment=1K New Comment=15K
Change Component Comment : Designator=R12 Old Comment=1K New Comment=470R
Change Component Comment : Designator=P4 Old Comment=WE 4 pins New Comment=Header 6
Change Component Designator: OldDesignator=C1 NewDesignator=C7
Change Component Designator: OldDesignator=C3 NewDesignator=C8
Change Component Designator: OldDesignator=C4 NewDesignator=C9
Change Component Designator: OldDesignator=C5 NewDesignator=C10
Change Component Designator: OldDesignator=C6 NewDesignator=C11
Change Component Designator: OldDesignator=C7 NewDesignator=C12
Change Component Designator: OldDesignator=C8 NewDesignator=C13
Change Component Designator: OldDesignator=C9 NewDesignator=C14
Change Component Designator: OldDesignator=C10 NewDesignator=C15
Change Component Designator: OldDesignator=C11 NewDesignator=C16
Change Component Designator: OldDesignator=C12 NewDesignator=C17
Change Component Designator: OldDesignator=C13 NewDesignator=C18
Change Component Designator: OldDesignator=C14 NewDesignator=C19
Change Component Designator: OldDesignator=C15 NewDesignator=C20
Change Component Designator: OldDesignator=C16 NewDesignator=C21
Change Component Designator: OldDesignator=C17 NewDesignator=C22
Change Component Designator: OldDesignator=Cap1 NewDesignator=C1
Change Component Designator: OldDesignator=Cap2 NewDesignator=C2
Change Component Designator: OldDesignator=Cap3 NewDesignator=C3
Change Component Designator: OldDesignator=Cap4 NewDesignator=C4
Change Component Designator: OldDesignator=Cap5 NewDesignator=C5
Change Component Designator: OldDesignator=Cap6 NewDesignator=C6
Change Component Designator: OldDesignator=U3 NewDesignator=U2
Change Component Designator: OldDesignator=U4 NewDesignator=U3
Change Component Designator: OldDesignator=U5 NewDesignator=U4
Change Component Designator: OldDesignator=U6 NewDesignator=U5
Added Component: Designator=P5(690367280476)
Added Pin To Net: NetName=GND Pin=P4-1
Added Pin To Net: NetName=GND Pin=P4-2
Added Pin To Net: NetName=5V Pin=P4-3
Added Pin To Net: NetName=NetP4_4 Pin=U1-10
Change Net Name : Old Net Name=NetC4_1 New Net Name=NetC9_1
Change Net Name : Old Net Name=NetC4_2 New Net Name=NetC9_2
Change Net Name : Old Net Name=NetC5_1 New Net Name=NetC10_1
Change Net Name : Old Net Name=NetC5_2 New Net Name=NetC10_2
Change Net Name : Old Net Name=NetC8_1 New Net Name=NetC13_1
Change Net Name : Old Net Name=NetC16_2 New Net Name=NetC21_2
Change Net Name : Old Net Name=NetC17_1 New Net Name=NetC22_1
Change Net Name : Old Net Name=NetCap5_2 New Net Name=NetC5_2
Added Pin To Net: NetName=NetP4_5 Pin=P4-5
Added Pin To Net: NetName=NetP4_5 Pin=U1-11
Added Net: Name=NetP4_5
Added Pin To Net: NetName=NetP5_1 Pin=P4-1
Added Pin To Net: NetName=NetP5_1 Pin=R13-2
Added Net: Name=NetP5_1
Added Pin To Net: NetName=NetP5_4 Pin=P4-4
Added Pin To Net: NetName=NetP5_4 Pin=R10-2
Added Net: Name=NetP5_4
Added Member To Class: ClassName=Sheet 1 - Micro Member=Component C7 100pF
Added Member To Class: ClassName=Sheet 1 - Micro Member=Component P4 Header 6
