Added Component: Designator=C13(C1206)
Added Component: Designator=J4(690367280476)
Added Component: Designator=P1(690367280676)
Added Component: Designator=P2(690367280476)
Added Component: Designator=P3(690367280676)
Added Component: Designator=P4(HDR1X6)
Added Component: Designator=P5(690367280476)
Added Component: Designator=Q2(SOT23_L)
Added Pin To Net: NetName=NetC13_1 Pin=C13-1
Added Pin To Net: NetName=GND Pin=C13-2
Added Pin To Net: NetName=GND Pin=J4-1
Added Pin To Net: NetName=NetJ4_2 Pin=J4-2
Added Pin To Net: NetName=GND Pin=J4-3
Added Pin To Net: NetName=EN CAPTEUR Pin=J4-4
Added Pin To Net: NetName=NetP1_1 Pin=P1-1
Added Pin To Net: NetName=3.3V Pin=P1-2
Added Pin To Net: NetName=GND Pin=P1-3
Added Pin To Net: NetName=NetP1_4 Pin=P1-4
Added Pin To Net: NetName=NetP1_5 Pin=P1-5
Added Pin To Net: NetName=GND Pin=P2-1
Added Pin To Net: NetName=NetP2_2 Pin=P2-2
Added Pin To Net: NetName=3.3V Pin=P2-3
Added Pin To Net: NetName=NetP2_4 Pin=P2-4
Added Pin To Net: NetName=NetP3_1 Pin=P3-1
Added Pin To Net: NetName=NetP3_2 Pin=P3-2
Added Pin To Net: NetName=NetP3_3 Pin=P3-3
Added Pin To Net: NetName=3.3V Pin=P3-4
Added Pin To Net: NetName=NetP3_5 Pin=P3-5
Added Pin To Net: NetName=GND Pin=P3-6
Added Pin To Net: NetName=GND Pin=P4-1
Added Pin To Net: NetName=NetP4_4 Pin=P4-4
Added Pin To Net: NetName=NetP4_5 Pin=P4-5
Added Pin To Net: NetName=NetP5_1 Pin=P5-1
Added Pin To Net: NetName=GND Pin=P5-2
Added Pin To Net: NetName=5V Pin=P5-3
Added Pin To Net: NetName=NetP5_4 Pin=P5-4
Added Pin To Net: NetName=NetQ2_1 Pin=Q2-1
Added Pin To Net: NetName=GND Pin=Q2-2
Added Pin To Net: NetName=NetQ1_1 Pin=Q2-3
Added Net: Name=NetD9_1
Added Net: Name=NetD9_2
Added Net: Name=NetD10_1
Added Net: Name=NetD11_1
Added Net: Name=NetD12_1
Added Net: Name=NetR10_1
Added Net: Name=NetR11_1
Added Net: Name=NetR13_1
Added Net: Name=NetR13_2
Added Net: Name=NetR16_1
Added Net: Name=NetR16_2
Added Net: Name=NetR23_1
Added Net: Name=NetR24_2
Added Net: Name=NetR26_2
Added Net: Name=NetR29_2
Added Net: Name=NetR31_2
Added Net: Name=NetR32_1
Added Net: Name=NetR33_1
Added Member To Class: ClassName=Sheet 3 - Alims Member=Component C13 100uF
Added Member To Class: ClassName=Sheet 4 - Capteurs Member=Component J4 WE 4 pins
Added Member To Class: ClassName=Sheet 1 - Micro Member=Component P1 mini connect
Added Member To Class: ClassName=Sheet 1 - Micro Member=Component P2 mini connect
Added Member To Class: ClassName=Sheet 1 - Micro Member=Component P3 Mini connect
Added Member To Class: ClassName=Sheet 1 - Micro Member=Component P4 Header 6
Added Member To Class: ClassName=Sheet 2 - Moteurs Member=Component P5 WE 4 pins
Added Member To Class: ClassName=Sheet 4 - Capteurs Member=Component Q2 Transistor NPN
