Change Component Designator: Old Designator=C1 New Designator=C?
Change Component Designator: Old Designator=Cap1 New Designator=Cap?
Change Component Designator: Old Designator=Cap2 New Designator=Cap?
Change Component Designator: Old Designator=Cap3 New Designator=Cap?
Change Component Designator: Old Designator=Cap4 New Designator=Cap?
Change Component Designator: Old Designator=Cap5 New Designator=Cap?
Change Component Designator: Old Designator=Cap6 New Designator=Cap?
Change Component Designator: Old Designator=D1 New Designator=D?
Change Component Designator: Old Designator=D2 New Designator=D?
Change Component Designator: Old Designator=D3 New Designator=D?
Change Component Designator: Old Designator=D4 New Designator=D?
Change Component Designator: Old Designator=K1 New Designator=K?
Change Component Designator: Old Designator=P1 New Designator=P?
Change Component Designator: Old Designator=P2 New Designator=P?
Change Component Designator: Old Designator=P3 New Designator=P?
Change Component Designator: Old Designator=R1 New Designator=R?
Change Component Designator: Old Designator=R2 New Designator=R?
Change Component Designator: Old Designator=R3 New Designator=R?
Change Component Designator: Old Designator=R4 New Designator=R?
Change Component Designator: Old Designator=R5 New Designator=R?
Change Component Designator: Old Designator=R6 New Designator=R?
Change Component Designator: Old Designator=R7 New Designator=R?
Change Component Designator: Old Designator=R8 New Designator=R?
Change Component Designator: Old Designator=U1 New Designator=U?
