Change Component Designator: Old Designator=C3 New Designator=C?
Change Component Designator: Old Designator=C6 New Designator=C?
Change Component Designator: Old Designator=Cap1 New Designator=Cap?
Change Component Designator: Old Designator=Cap1 New Designator=Cap?
Change Component Designator: Old Designator=Cap1 New Designator=Cap?
Change Component Designator: Old Designator=Cap1 New Designator=Cap?
Change Component Designator: Old Designator=Cap1 New Designator=Cap?
Change Component Designator: Old Designator=Cap1 New Designator=Cap?
Change Component Designator: Old Designator=Cap1 New Designator=Cap?
Change Component Designator: Old Designator=Cap3 New Designator=Cap?
Change Component Designator: Old Designator=Cap4 New Designator=Cap?
Change Component Designator: Old Designator=D1 New Designator=D?
Change Component Designator: Old Designator=D2 New Designator=D?
Change Component Designator: Old Designator=D2 New Designator=D?
Change Component Designator: Old Designator=D2 New Designator=D?
Change Component Designator: Old Designator=K1 New Designator=K?
Change Component Designator: Old Designator=P1 New Designator=P?
Change Component Designator: Old Designator=P2 New Designator=P?
Change Component Designator: Old Designator=P3 New Designator=P?
Change Component Designator: Old Designator=R1 New Designator=R?
Change Component Designator: Old Designator=R2 New Designator=R?
Change Component Designator: Old Designator=R3 New Designator=R?
Change Component Designator: Old Designator=R4 New Designator=R?
Change Component Designator: Old Designator=R5 New Designator=R?
Change Component Designator: Old Designator=R6 New Designator=R?
Change Component Designator: Old Designator=R6 New Designator=R?
Change Component Designator: Old Designator=R6 New Designator=R?
Change Component Designator: Old Designator=S1 New Designator=S?
